<?xml version="1.0" encoding="UTF-8"?>
<!-- Generated by org.testng.reporters.JUnitReportReporter -->
<testsuite hostname="A_Device" failures="0" tests="4" name="api.tests.InvalidData" time="1.995" errors="0" timestamp="2023-11-23T21:30:22 PST" skipped="0">
  <testcase classname="api.tests.InvalidData" name="wrongRequest" time="0.229"/>
  <testcase classname="api.tests.InvalidData" name="wrongJson" time="0.181"/>
  <testcase classname="api.tests.InvalidData" name="invalidEndpoint" time="0.275"/>
  <testcase classname="api.tests.InvalidData" name="invalidCredentials" time="1.310"/>
</testsuite> <!-- api.tests.InvalidData -->
